1530524085277	geckodriver	INFO	geckodriver 0.21.0
1530524085290	geckodriver	INFO	Listening on 127.0.0.1:33874
1530524088302	mozrunner::runner	INFO	Running command: "C:\\Program Files\\Mozilla Firefox\\firefox.exe" "-marionette" "-foreground" "-no-remote" "-profile" "C:\\Users\\Administrator\\AppData\\Local\\Temp\\rust_mozprofile.xkjcXYN1F0lt"
1530524092174	Marionette	INFO	Listening on port 33885
1530524092424	Marionette	WARN	TLS certificate errors will be ignored for this session
Unable to read VR Path Registry from C:\Users\Administrator\AppData\Local\openvr\openvrpaths.vrpath
[Parent 9008, Gecko_IOThread] WARNING: pipe error: 109: file z:/build/build/src/ipc/chromium/src/chrome/common/ipc_channel_win.cc, line 346
Unable to read VR Path Registry from C:\Users\Administrator\AppData\Local\openvr\openvrpaths.vrpath
[Child 10892, Chrome_ChildThread] WARNING: pipe error: 109: file z:/build/build/src/ipc/chromium/src/chrome/common/ipc_channel_win.cc, line 346
Unable to read VR Path Registry from C:\Users\Administrator\AppData\Local\openvr\openvrpaths.vrpath
[Child 4760, Chrome_ChildThread] WARNING: pipe error: 109: file z:/build/build/src/ipc/chromium/src/chrome/common/ipc_channel_win.cc, line 346
[Parent 9008, Gecko_IOThread] WARNING: pipe error: 109: file z:/build/build/src/ipc/chromium/src/chrome/common/ipc_channel_win.cc, line 346
Unable to read VR Path Registry from C:\Users\Administrator\AppData\Local\openvr\openvrpaths.vrpath
[Child 2320, Chrome_ChildThread] WARNING: pipe error: 109: file z:/build/build/src/ipc/chromium/src/chrome/common/ipc_channel_win.cc, line 346
[Child 2320, Chrome_ChildThread] WARNING: pipe error: 109: file z:/build/build/src/ipc/chromium/src/chrome/common/ipc_channel_win.cc, line 346
*** UTM:SVC TimerManager:registerTimer called after profile-before-change notification. Ignoring timer registration for id: telemetry_modules_ping
Unable to read VR Path Registry from C:\Users\Administrator\AppData\Local\openvr\openvrpaths.vrpath
[GPU 6320, Chrome_ChildThread] WARNING: pipe error: 109: file z:/build/build/src/ipc/chromium/src/chrome/common/ipc_channel_win.cc, line 346

###!!! [Child][MessageChannel::SendAndWait] Error: Channel error: cannot send/recv

rning: https://qzonestyle.gtimg.cn/qzone/photo/v7/js/common/viewer2/index.js, line 254: unreachable code after return statement
Unable to read VR Path Registry from C:\Users\Administrator\AppData\Local\openvr\openvrpaths.vrpath
[Parent 11580, Gecko_IOThread] WARNING: pipe error: 109: file z:/build/build/src/ipc/chromium/src/chrome/common/ipc_channel_win.cc, line 346
JavaScript error: https://qzonestyle.gtimg.cn/ac/qzone/qzfl/qzfl_v8_2.1.65.js, line 90: NS_ERROR_NOT_INITIALIZED: 
[Child 3948, Chrome_ChildThread] WARNING: pipe error: 109: file z:/build/build/src/ipc/chromium/src/chrome/common/ipc_channel_win.cc, line 346
[Child 3948, Chrome_ChildThread] WARNING: pipe error: 109: file z:/build/build/src/ipc/chromium/src/chrome/common/ipc_channel_win.cc, line 346

###!!! [Child][RunMessage] Error: Channel closing: too late to send/recv, messages will be lost


###!!! [Child][RunMessage] Error: Channel closing: too late to send/recv, messages will be lost


###!!! [Child][RunMessage] Error: Channel closing: too late to send/recv, messages will be lost

Unable to read VR Path Registry from C:\Users\Administrator\AppData\Local\openvr\openvrpaths.vrpath
[Child 6844, Chrome_ChildThread] WARNING: pipe error: 109: file z:/build/build/src/ipc/chromium/src/chrome/common/ipc_channel_win.cc, line 346
[Child 6844, Chrome_ChildThread] WARNING: pipe error: 109: file z:/build/build/src/ipc/chromium/src/chrome/common/ipc_channel_win.cc, line 346
Unable to read VR Path Registry from C:\Users\Administrator\AppData\Local\openvr\openvrpaths.vrpath
[GPU 12236, Chrome_ChildThread] WARNING: pipe error: 109: file z:/build/build/src/ipc/chromium/src/chrome/common/ipc_channel_win.cc, line 346

###!!! [Child][MessageChannel::SendAndWait] Error: Channel error: cannot send/recv

ing
Unable to read VR Path Registry from C:\Users\Administrator\AppData\Local\openvr\openvrpaths.vrpath
[GPU 9604, Chrome_ChildThread] WARNING: pipe error: 109: file z:/build/build/src/ipc/chromium/src/chrome/common/ipc_channel_win.cc, line 346

###!!! [Child][MessageChannel::SendAndWait] Error: Channel error: cannot send/recv

ine 346

###!!! [Child][MessageChannel::SendAndWait] Error: Channel error: cannot send/recv

onsole-plus.js,/qzone/v8/engine/request/request_61221.js,/qzone/v8/core/interface_mini.js?max_age=60628, line 1504: unreachable code after return statement
JavaScript warning: https://qzonestyle.gtimg.cn/c/=/qzone/v8/index/profile.js,/qzone/v8/index/visitor.js,/qzone/v8/index/photo_wall.js,/qzone/v8/index/like.js,/qzone/v8/toolbar/core.js,/qzone/v8/menu/cover_menu.js,/qzone/v8/ic/accessory.js,/qzone/v8/dress/otherview_v8.js,/qzone/v8/core/state.js, line 704: unreachable code after return statement
JavaScript warning: https://qzonestyle.gtimg.cn/qzone/v8/animate/app_scroll.js, line 2: unreachable code after return statement
JavaScript warning: https://qzonestyle.gtimg.cn/qzone/photo/v7/js/common/qzone/common.js, line 4: unreachable code after return statement
JavaScript warning: https://qzonestyle.gtimg.cn/c/=/qzone/v8/dress/xextend.js,/qzone/v8/dress/data.js,/qzone/v8/dress/viewbase.js,/qzone/v8/dress/dditem.js,/qzone/v8/dress/menuview_v8.js,/qzone/v8/dress/weather.js,/qzone/v8/dress/visitors.js, line 640: unreachable code after return statement
JavaScript warning: https://qzonestyle.gtimg.cn/qzone/photo/v7/js/common/qzone/common.js, line 4: unreachable code after return statement
JavaScript warning: https://qzonestyle.gtimg.cn/c/=/qzone/v8/index/profile.js,/qzone/v8/index/visitor.js,/qzone/v8/index/photo_wall.js,/qzone/v8/index/like.js,/qzone/v8/toolbar/core.js,/qzone/v8/menu/cover_menu.js,/qzone/v8/ic/accessory.js,/qzone/v8/dress/otherview_v8.js,/qzone/v8/core/state.js, line 704: unreachable code after return statement
JavaScript warning: https://qzonestyle.gtimg.cn/qzone/v8/core/interface_mini.js, line 70: unreachable code after return statement
JavaScript warning: https://qzonestyle.gtimg.cn/ac/qzfl/appclientlib.js, line 30: unreachable code after return statement
JavaScript warning: https://qzonestyle.gtimg.cn/qzone/v8/ic/ic_feeds_monitor.js, line 7: unreachable code after return statement
JavaScript warning: https://qzonestyle.gtimg.cn/music/qzone/music_tool.js?max_age=2592000&ver=20170123.js, line 74: unreachable code after return statement
JavaScript warning: https://qzonestyle.gtimg.cn/qzone/v8/ic/videoManager/videoManager.js, line 10: unreachable code after return statement
JavaScript warning: https://qzonestyle.gtimg.cn/c/=/qzone/v8/engine/migrate-plugin.js,/qzone/v8/engine/console-plus/console-plus.js,/qzone/v8/engine/request/request_61221.js,/qzone/v8/core/interface_mini.js?max_age=60628, line 1504: unreachable code after return statement
JavaScript warning: https://qzonestyle.gtimg.cn/c/=/qzone/v8/engine/migrate-plugin.js,/qzone/v8/engine/console-plus/console-plus.js,/qzone/v8/engine/request/request_61221.js,/qzone/v8/core/interface_mini.js?max_age=60628, line 1504: unreachable code after return statement
JavaScript warning: https://qzonestyle.gtimg.cn/c/=/qzone/v8/index/profile.js,/qzone/v8/index/visitor.js,/qzone/v8/index/photo_wall.js,/qzone/v8/index/like.js,/qzone/v8/toolbar/core.js,/qzone/v8/menu/cover_menu.js,/qzone/v8/ic/accessory.js,/qzone/v8/dress/otherview_v8.js,/qzone/v8/core/state.js, line 704: unreachable code after return statement
JavaScript warning: https://qzonestyle.gtimg.cn/qzone/v8/animate/app_scroll.js, line 2: unreachable code after return statement
JavaScript warning: https://qzonestyle.gtimg.cn/c/=/qzone/v8/dress/xextend.js,/qzone/v8/dress/data.js,/qzone/v8/dress/viewbase.js,/qzone/v8/dress/dditem.js,/qzone/v8/dress/menuview_v8.js,/qzone/v8/dress/weather.js,/qzone/v8/dress/visitors.js, line 640: unreachable code after return statement
JavaScript warning: https://qzonestyle.gtimg.cn/qzone/photo/v7/js/common/qzone/common.js, line 4: unreachable code after return statement
JavaScript warning: https://qzonestyle.gtimg.cn/qzone/photo/v7/js/common/qzone/common.js, line 4: unreachable code after return statement
JavaScript warning: https://qzonestyle.gtimg.cn/c/=/qzone/v8/index/profile.js,/qzone/v8/index/visitor.js,/qzone/v8/index/photo_wall.js,/qzone/v8/index/like.js,/qzone/v8/toolbar/core.js,/qzone/v8/menu/cover_menu.js,/qzone/v8/ic/accessory.js,/qzone/v8/dress/otherview_v8.js,/qzone/v8/core/state.js, line 704: unreachable code after return statement
JavaScript warning: https://qzonestyle.gtimg.cn/qzone/v8/core/interface_mini.js, line 70: unreachable code after return statement
JavaScript warning: https://qzonestyle.gtimg.cn/ac/qzfl/appclientlib.js, line 30: unreachable code after return statement
JavaScript warning: https://qzonestyle.gtimg.cn/qzone/v8/ic/ic_feeds_monitor.js, line 7: unreachable code after return statement
JavaScript warning: https://qzonestyle.gtimg.cn/qzone/v8/ic/videoManager/videoManager.js, line 10: unreachable code after return statement
JavaScript warning: https://qzonestyle.gtimg.cn/c/=/qzone/v8/index/profile.js,/qzone/v8/index/visitor.js,/qzone/v8/index/photo_wall.js,/qzone/v8/index/like.js,/qzone/v8/toolbar/core.js,/qzone/v8/menu/cover_menu.js,/qzone/v8/ic/accessory.js,/qzone/v8/dress/otherview_v8.js,/qzone/v8/core/state.js, line 704: unreachable code after return statement
JavaScript warning: https://qzonestyle.gtimg.cn/qzone/v8/animate/app_scroll.js, line 2: unreachable code after return statement
JavaScript warning: https://qzonestyle.gtimg.cn/qzone/photo/v7/js/common/qzone/common.js, line 4: unreachable code after return statement
JavaScript warning: https://qzonestyle.gtimg.cn/c/=/qzone/v8/dress/xextend.js,/qzone/v8/dress/data.js,/qzone/v8/dress/viewbase.js,/qzone/v8/dress/dditem.js,/qzone/v8/dress/menuview_v8.js,/qzone/v8/dress/weather.js,/qzone/v8/dress/visitors.js, line 640: unreachable code after return statement
JavaScript error: https://qzonestyle.gtimg.cn/c/=/qzone/v8/index/profile.js,/qzone/v8/index/visitor.js,/qzone/v8/index/photo_wall.js,/qzone/v8/index/like.js,/qzone/v8/toolbar/core.js,/qzone/v8/menu/cover_menu.js,/qzone/v8/ic/accessory.js,/qzone/v8/dress/otherview_v8.js,/qzone/v8/core/state.js, line 12: TypeError: QZONE.FP is undefined
JavaScript warning: https://qzonestyle.gtimg.cn/c/=/qzone/v8/engine/migrate-plugin.js,/qzone/v8/engine/console-plus/console-plus.js,/qzone/v8/engine/request/request_61221.js,/qzone/v8/core/interface_mini.js?max_age=60628, line 1504: unreachable code after return statement
JavaScript warning: https://qzonestyle.gtimg.cn/c/=/qzone/v8/index/profile.js,/qzone/v8/index/visitor.js,/qzone/v8/index/photo_wall.js,/qzone/v8/index/like.js,/qzone/v8/toolbar/core.js,/qzone/v8/menu/cover_menu.js,/qzone/v8/ic/accessory.js,/qzone/v8/dress/otherview_v8.js,/qzone/v8/core/state.js, line 704: unreachable code after return statement
JavaScript warning: https://qzonestyle.gtimg.cn/qzone/photo/v7/js/common/qzone/common.js, line 4: unreachable code after return statement
JavaScript warning: https://qzonestyle.gtimg.cn/qzone/photo/v7/js/common/qzone/common.js, line 4: unreachable code after return statement
JavaScript warning: https://qzonestyle.gtimg.cn/c/=/qzone/v8/index/profile.js,/qzone/v8/index/visitor.js,/qzone/v8/index/photo_wall.js,/qzone/v8/index/like.js,/qzone/v8/toolbar/core.js,/qzone/v8/menu/cover_menu.js,/qzone/v8/ic/accessory.js,/qzone/v8/dress/otherview_v8.js,/qzone/v8/core/state.js, line 704: unreachable code after return statement
JavaScript warning: https://qzonestyle.gtimg.cn/qzone/v8/core/interface_mini.js, line 70: unreachable code after return statement
JavaScript warning: https://qzonestyle.gtimg.cn/ac/qzfl/appclientlib.js, line 30: unreachable code after return statement
JavaScript warning: https://qzonestyle.gtimg.cn/qzone/v8/ic/ic_feeds_monitor.js, line 7: unreachable code after return statement
JavaScript warning: https://qzonestyle.gtimg.cn/qzone/v8/ic/videoManager/videoManager.js, line 10: unreachable code after return statement
JavaScript warning: https://qzonestyle.gtimg.cn/qzone/v6/qm/qm_100006.js?max_age=900, line 611: unreachable code after return statement
JavaScript warning: https://qzonestyle.gtimg.cn/qzone/photo/v7/js/common/qzone/common.js, line 4: unreachable code after return statement
JavaScript warning: https://qzonestyle.gtimg.cn/qzone/photo/v7/js/common/qzone/common.js, line 4: unreachable code after return statement
[Parent 10804, Gecko_IOThread] WARNING: pipe error: 109: file z:/build/build/src/ipc/chromium/src/chrome/common/ipc_channel_win.cc, line 346
JavaScript warning: https://qzonestyle.gtimg.cn/qzone/v8/ic/hotfeeds.js, line 330: unreachable code after return statement
JavaScript warning: https://qzonestyle.gtimg.cn/qzone/v8/index/like.js, line 25: unreachable code after return statement
JavaScript warning: https://qzonestyle.gtimg.cn/qzone/v8/ic/videoManager/videoManager.js, line 10: unreachable code after return statement
JavaScript warning: https://qzonestyle.gtimg.cn/qzone/photo/v7/js/common/viewer2/index.js, line 254: unreachable code after return statement
JavaScript warning: https://qzonestyle.gtimg.cn/qzone/v8/ic/ic_feeds_monitor.js, line 7: unreachable code after return statement
JavaScript warning: https://qzonestyle.gtimg.cn/c/=/qzone/v8/engine/migrate-plugin.js,/qzone/v8/engine/console-plus/console-plus.js,/qzone/v8/engine/request/request_61221.js,/qzone/v8/core/interface_mini.js?max_age=60628, line 1504: unreachable code after return statement
JavaScript warning: https://qzonestyle.gtimg.cn/qzone/photo/v7/js/common/qzone/common.js, line 4: unreachable code after return statement
JavaScript warning: https://qzonestyle.gtimg.cn/qzone/photo/v7/js/common/qzone/common.js, line 4: unreachable code after return statement
JavaScript warning: https://qzonestyle.gtimg.cn/qzone/v8/core/interface_mini.js, line 70: unreachable code after return statement
JavaScript warning: https://qzonestyle.gtimg.cn/ac/qzfl/appclientlib.js, line 30: unreachable code after return statement
JavaScript warning: https://qzonestyle.gtimg.cn/music/qzone/music_tool.js?max_age=2592000&ver=20170123.js, line 74: unreachable code after return statement
JavaScript warning: https://qzonestyle.gtimg.cn/music/qzone/music_tool.js?max_age=2592000&ver=20170123.js, line 74: unreachable code after return statement
JavaScript warning: https://qzonestyle.gtimg.cn/c/=/qzone/v8/engine/migrate-plugin.js,/qzone/v8/engine/console-plus/console-plus.js,/qzone/v8/engine/request/request_61221.js,/qzone/v8/core/interface_mini.js?max_age=60628, line 1504: unreachable code after return statement
JavaScript warning: https://qzonestyle.gtimg.cn/qzone/v8/animate/app_scroll.js, line 2: unreachable code after return statement
JavaScript warning: https://qzonestyle.gtimg.cn/c/=/ac/qzfl/appclientlib.js,/qzone/app/controls/pager/pager.js?max_age=999999&ver=20130607, line 30: unreachable code after return statement
JavaScript warning: https://qzonestyle.gtimg.cn/c/=/qzone/v8/engine/migrate-plugin.js,/qzone/v8/engine/console-plus/console-plus.js,/qzone/v8/engine/request/request_61221.js,/qzone/v8/core/interface_mini.js?max_age=60628, line 1504: unreachable code after return statement
JavaScript warning: https://qzonestyle.gtimg.cn/c/=/ac/qzfl/appclientlib.js,/qzone/app/controls/pager/pager.js?max_age=999999&ver=20130607, line 30: unreachable code after return statement
JavaScript warning: https://qzonestyle.gtimg.cn/qzone/v8/animate/app_scroll.js, line 2: unreachable code after return statement
JavaScript warning: https://qzonestyle.gtimg.cn/qzone/photo/v7/js/common/qzone/common.js, line 4: unreachable code after return statement
JavaScript warning: https://qzonestyle.gtimg.cn/c/=/qzone/v8/dress/xextend.js,/qzone/v8/dress/data.js,/qzone/v8/dress/viewbase.js,/qzone/v8/dress/dditem.js,/qzone/v8/dress/menuview_v8.js,/qzone/v8/dress/weather.js,/qzone/v8/dress/visitors.js, line 640: unreachable code after return statement
JavaScript warning: https://qzonestyle.gtimg.cn/qzone/v8/ic/ic_feeds_monitor.js, line 7: unreachable code after return statement
JavaScript warning: https://qzonestyle.gtimg.cn/qzone/v8/core/interface_mini.js, line 70: unreachable code after return statement
JavaScript warning: https://qzonestyle.gtimg.cn/ac/qzfl/appclientlib.js, line 30: unreachable code after return statement
JavaScript warning: https://qzonestyle.gtimg.cn/qzone/photo/v7/js/common/qzone/common.js, line 4: unreachable code after return statement
JavaScript warning: https://qzonestyle.gtimg.cn/qzone/photo/v7/js/common/qzone/common.js, line 4: unreachable code after return statement
JavaScript warning: https://qzonestyle.gtimg.cn/music/qzone/music_tool.js?max_age=2592000&ver=20170123.js, line 74: unreachable code after return statement
JavaScript warning: https://qzonestyle.gtimg.cn/music/qzone/music_tool.js?max_age=2592000&ver=20170123.js, line 74: unreachable code after return statement
JavaScript warning: https://qzonestyle.gtimg.cn/c/=/qzone/v8/engine/migrate-plugin.js,/qzone/v8/engine/console-plus/console-plus.js,/qzone/v8/engine/request/request_61221.js,/qzone/v8/core/interface_mini.js?max_age=60628, line 1504: unreachable code after return statement
JavaScript warning: https://qzonestyle.gtimg.cn/qzone/v8/animate/app_scroll.js, line 2: unreachable code after return statement
JavaScript warning: https://qzonestyle.gtimg.cn/c/=/ac/qzfl/appclientlib.js,/qzone/app/controls/pager/pager.js?max_age=999999&ver=20130607, line 30: unreachable code after return statement
Unable to read VR Path Registry from C:\Users\Administrator\AppData\Local\openvr\openvrpaths.vrpath
JavaScript warning: https://cdn.bootcss.com/jquery/1.9.1/jquery.min.js, line 1: Using //@ to indicate sourceMappingURL pragmas is deprecated. Use //# instead
JavaScript warning: https://qzonestyle.gtimg.cn/music/qzone/music_tool.js?max_age=2592000&ver=20170123.js, line 74: unreachable code after return statement
[Parent 10804, Gecko_IOThread] WARNING: pipe error: 109: file z:/build/build/src/ipc/chromium/src/chrome/common/ipc_channel_win.cc, line 346
[Parent 10804, Gecko_IOThread] WARNING: pipe error: 109: file z:/build/build/src/ipc/chromium/src/chrome/common/ipc_channel_win.cc, line 346
Unable to read VR Path Registry from C:\Users\Administrator\AppData\Local\openvr\openvrpaths.vrpath
[Child 8580, Chrome_ChildThread] WARNING: pipe error: 109: file z:/build/build/src/ipc/chromium/src/chrome/common/ipc_channel_win.cc, line 346
[Child 8580, Chrome_ChildThread] WARNING: pipe error: 109: file z:/build/build/src/ipc/chromium/src/chrome/common/ipc_channel_win.cc, line 346
Unable to read VR Path Registry from C:\Users\Administrator\AppData\Local\openvr\openvrpaths.vrpath
[Child 8416, Chrome_ChildThread] WARNING: pipe error: 109: file z:/build/build/src/ipc/chromium/src/chrome/common/ipc_channel_win.cc, line 346
[Child 8416, Chrome_ChildThread] WARNING: pipe error: 109: file z:/build/build/src/ipc/chromium/src/chrome/common/ipc_channel_win.cc, line 346
[Child 8784, Chrome_ChildThread] WARNING: pipe error: 109: file z:/build/build/src/ipc/chromium/src/chrome/common/ipc_channel_win.cc, line 346
[Child 8784, Chrome_ChildThread] WARNING: pipe error: 109: file z:/build/build/src/ipc/chromium/src/chrome/common/ipc_channel_win.cc, line 346
[Child 10340, Chrome_ChildThread] WARNING: pipe error: 109: file z:/build/build/src/ipc/chromium/src/chrome/common/ipc_channel_win.cc, line 346
[Child 10340, Chrome_ChildThread] WARNING: pipe error: 109: file z:/build/build/src/ipc/chromium/src/chrome/common/ipc_channel_win.cc, line 346

###!!! [Child][RunMessage] Error: Channel closing: too late to send/recv, messages will be lost

Unable to read VR Path Registry from C:\Users\Administrator\AppData\Local\openvr\openvrpaths.vrpath
[GPU 8604, Chrome_ChildThread] WARNING: pipe error: 109: file z:/build/build/src/ipc/chromium/src/chrome/common/ipc_channel_win.cc, line 346

###!!! [Child][MessageChannel::SendAndWait] Error: Channel error: cannot send/recv

1533786523060	geckodriver	INFO	geckodriver 0.21.0
1533786523163	geckodriver	INFO	Listening on 127.0.0.1:9010
1533786525884	mozrunner::runner	INFO	Running command: "C:\\Program Files\\Mozilla Firefox\\firefox.exe" "-marionette" "-foreground" "-no-remote" "-profile" "C:\\Users\\Administrator\\AppData\\Local\\Temp\\rust_mozprofile.i5BFOy451l11"
1533786543655	Marionette	INFO	Listening on port 9027
1533786544047	Marionette	WARN	TLS certificate errors will be ignored for this session
Unable to read VR Path Registry from C:\Users\Administrator\AppData\Local\openvr\openvrpaths.vrpath
[Parent 8868, Gecko_IOThread] WARNING: pipe error: 109: file z:/build/build/src/ipc/chromium/src/chrome/common/ipc_channel_win.cc, line 346
Unable to read VR Path Registry from C:\Users\Administrator\AppData\Local\openvr\openvrpaths.vrpath
[Child 10768, Chrome_ChildThread] WARNING: pipe error: 109: file z:/build/build/src/ipc/chromium/src/chrome/common/ipc_channel_win.cc, line 346
Unable to read VR Path Registry from C:\Users\Administrator\AppData\Local\openvr\openvrpaths.vrpath
[Child 10668, Chrome_ChildThread] WARNING: pipe error: 109: file z:/build/build/src/ipc/chromium/src/chrome/common/ipc_channel_win.cc, line 346
[Child 10668, Chrome_ChildThread] WARNING: pipe error: 109: file z:/build/build/src/ipc/chromium/src/chrome/common/ipc_channel_win.cc, line 346
Unable to read VR Path Registry from C:\Users\Administrator\AppData\Local\openvr\openvrpaths.vrpath
[Child 10620, Chrome_ChildThread] WARNING: pipe error: 109: file z:/build/build/src/ipc/chromium/src/chrome/common/ipc_channel_win.cc, line 346
[Child 10620, Chrome_ChildThread] WARNING: pipe error: 109: file z:/build/build/src/ipc/chromium/src/chrome/common/ipc_channel_win.cc, line 346
[Parent 8868, Gecko_IOThread] WARNING: file z:/build/build/src/ipc/chromium/src/base/process_util_win.cc, line 188
*** UTM:SVC TimerManager:registerTimer called after profile-before-change notification. Ignoring timer registration for id: telemetry_modules_ping

###!!! [Child][MessageChannel::SendAndWait] Error: Channel error: cannot send/recv

1533786563728	geckodriver	INFO	geckodriver 0.21.0
1533786563744	geckodriver	INFO	Listening on 127.0.0.1:9160
1533786566775	mozrunner::runner	INFO	Running command: "C:\\Program Files\\Mozilla Firefox\\firefox.exe" "-marionette" "-foreground" "-no-remote" "-profile" "C:\\Users\\Administrator\\AppData\\Local\\Temp\\rust_mozprofile.Q73euGZNCBGq"
1533786570958	Marionette	INFO	Listening on port 9173
1533786571322	Marionette	WARN	TLS certificate errors will be ignored for this session
Unable to read VR Path Registry from C:\Users\Administrator\AppData\Local\openvr\openvrpaths.vrpath
JavaScript warning: https://qzonestyle.gtimg.cn/c/=/qzone/v8/engine/migrate-plugin.js,/qzone/v8/engine/console-plus/console-plus.js,/qzone/v8/engine/request/request_61221.js,/qzone/v8/core/interface_mini.js?max_age=60628, line 1504: unreachable code after return statement
JavaScript warning: https://qzonestyle.gtimg.cn/qzone/v8/ic/ic_feeds_monitor.js, line 7: unreachable code after return statement
JavaScript warning: https://qzonestyle.gtimg.cn/qzone/v6/qm/qm_100006.js?max_age=900, line 611: unreachable code after return statement
JavaScript warning: https://qzonestyle.gtimg.cn/qzone/v8/animate/app_scroll.js, line 2: unreachable code after return statement
JavaScript warning: https://qzonestyle.gtimg.cn/qzone/photo/v7/js/common/qzone/common.js, line 4: unreachable code after return statement
JavaScript warning: https://qzonestyle.gtimg.cn/c/=/qzone/v8/dress/xextend.js,/qzone/v8/dress/data.js,/qzone/v8/dress/viewbase.js,/qzone/v8/dress/dditem.js,/qzone/v8/dress/menuview_v8.js,/qzone/v8/dress/weather.js,/qzone/v8/dress/visitors.js, line 640: unreachable code after return statement
JavaScript warning: https://qzonestyle.gtimg.cn/qzone/photo/v7/js/common/qzone/common.js, line 4: unreachable code after return statement
JavaScript warning: https://qzonestyle.gtimg.cn/qzone/v8/ic/hotfeeds.js, line 330: unreachable code after return statement
JavaScript warning: https://qzonestyle.gtimg.cn/qzone/v8/index/like.js, line 25: unreachable code after return statement
JavaScript warning: https://qzonestyle.gtimg.cn/qzone/photo/v7/js/common/viewer2/index.js, line 254: unreachable code after return statement
Unable to read VR Path Registry from C:\Users\Administrator\AppData\Local\openvr\openvrpaths.vrpath
JavaScript error: jar:file:///C:/Program%20Files/Mozilla%20Firefox/omni.ja!/components/NetworkGeolocationProvider.js, line 392: TypeError: this.listener is null
JavaScript error: https://qzonestyle.gtimg.cn/ac/qzone/qzfl/qzfl_v8_2.1.65.js, line 90: NS_ERROR_NOT_INITIALIZED: 
Unable to read VR Path Registry from C:\Users\Administrator\AppData\Local\openvr\openvrpaths.vrpath
[Child 6204, Chrome_ChildThread] WARNING: pipe error: 109: file z:/build/build/src/ipc/chromium/src/chrome/common/ipc_channel_win.cc, line 346
[Child 6204, Chrome_ChildThread] WARNING: pipe error: 109: file z:/build/build/src/ipc/chromium/src/chrome/common/ipc_channel_win.cc, line 346
Unable to read VR Path Registry from C:\Users\Administrator\AppData\Local\openvr\openvrpaths.vrpath
[Child 9308, Chrome_ChildThread] WARNING: pipe error: 109: file z:/build/build/src/ipc/chromium/src/chrome/common/ipc_channel_win.cc, line 346
Unable to read VR Path Registry from C:\Users\Administrator\AppData\Local\openvr\openvrpaths.vrpath
[GPU 11124, Chrome_ChildThread] WARNING: pipe error: 109: file z:/build/build/src/ipc/chromium/src/chrome/common/ipc_channel_win.cc, line 346

###!!! [Child][MessageChannel::SendAndWait] Error: Channel error: cannot send/recv

11: unreachable code after return statement
JavaScript warning: https://qzonestyle.gtimg.cn/qzone/v8/animate/app_scroll.js, line 2: unreachable code after return statement
JavaScript warning: https://qzonestyle.gtimg.cn/qzone/photo/v7/js/common/qzone/common.js, line 4: unreachable code after return statement
JavaScript warning: https://qzonestyle.gtimg.cn/c/=/qzone/v8/dress/xextend.js,/qzone/v8/dress/data.js,/qzone/v8/dress/viewbase.js,/qzone/v8/dress/dditem.js,/qzone/v8/dress/menuview_v8.js,/qzone/v8/dress/weather.js,/qzone/v8/dress/visitors.js, line 640: unreachable code after return statement
JavaScript warning: https://qzonestyle.gtimg.cn/qzone/photo/v7/js/common/qzone/common.js, line 4: unreachable code after return statement
JavaScript warning: https://qzonestyle.gtimg.cn/qzone/v8/ic/videoManager/videoManager.js, line 10: unreachable code after return statement
JavaScript warning: https://qzonestyle.gtimg.cn/qzone/v8/ic/hotfeeds.js, line 330: unreachable code after return statement
JavaScript warning: https://qzonestyle.gtimg.cn/qzone/v8/index/like.js, line 25: unreachable code after return statement
JavaScript warning: https://qzonestyle.gtimg.cn/qzone/photo/v7/js/common/viewer2/index.js, line 254: unreachable code after return statement
JavaScript error: https://qzonestyle.gtimg.cn/ac/qzone/qzfl/qzfl_v8_2.1.65.js, line 90: NS_ERROR_NOT_INITIALIZED: 
Unable to read VR Path Registry from C:\Users\Administrator\AppData\Local\openvr\openvrpaths.vrpath
[Parent 8104, Gecko_IOThread] WARNING: pipe error: 109: file z:/build/build/src/ipc/chromium/src/chrome/common/ipc_channel_win.cc, line 346
Unable to read VR Path Registry from C:\Users\Administrator\AppData\Local\openvr\openvrpaths.vrpath
[Child 9980, Chrome_ChildThread] WARNING: pipe error: 109: file z:/build/build/src/ipc/chromium/src/chrome/common/ipc_channel_win.cc, line 346
[Child 9980, Chrome_ChildThread] WARNING: pipe error: 109: file z:/build/build/src/ipc/chromium/src/chrome/common/ipc_channel_win.cc, line 346
[Child 10660, Chrome_ChildThread] WARNING: pipe error: 109: file z:/build/build/src/ipc/chromium/src/chrome/common/ipc_channel_win.cc, line 346
Unable to read VR Path Registry from C:\Users\Administrator\AppData\Local\openvr\openvrpaths.vrpath
[GPU 11004, Chrome_ChildThread] WARNING: pipe error: 109: file z:/build/build/src/ipc/chromium/src/chrome/common/ipc_channel_win.cc, line 346

###!!! [Child][MessageChannel::SendAndWait] Error: Channel error: cannot send/recv

ble code after return statement
JavaScript warning: https://qzonestyle.gtimg.cn/qzone/photo/v7/js/common/qzone/common.js, line 4: unreachable code after return statement
JavaScript warning: https://qzonestyle.gtimg.cn/c/=/qzone/v8/dress/xextend.js,/qzone/v8/dress/data.js,/qzone/v8/dress/viewbase.js,/qzone/v8/dress/dditem.js,/qzone/v8/dress/menuview_v8.js,/qzone/v8/dress/weather.js,/qzone/v8/dress/visitors.js, line 640: unreachable code after return statement
JavaScript warning: https://qzonestyle.gtimg.cn/qzone/photo/v7/js/common/qzone/common.js, line 4: unreachable code after return statement
JavaScript warning: https://qzonestyle.gtimg.cn/qzone/v8/ic/videoManager/videoManager.js, line 10: unreachable code after return statement
JavaScript warning: https://qzonestyle.gtimg.cn/qzone/v8/ic/hotfeeds.js, line 330: unreachable code after return statement
JavaScript warning: https://qzonestyle.gtimg.cn/qzone/v8/index/like.js, line 25: unreachable code after return statement
Unable to read VR Path Registry from C:\Users\Administrator\AppData\Local\openvr\openvrpaths.vrpath
[Parent 11304, Gecko_IOThread] WARNING: pipe error: 109: file z:/build/build/src/ipc/chromium/src/chrome/common/ipc_channel_win.cc, line 346
Unable to read VR Path Registry from C:\Users\Administrator\AppData\Local\openvr\openvrpaths.vrpath
[Child 7188, Chrome_ChildThread] WARNING: pipe error: 109: file z:/build/build/src/ipc/chromium/src/chrome/common/ipc_channel_win.cc, line 346
[Child 7188, Chrome_ChildThread] WARNING: pipe error: 109: file z:/build/build/src/ipc/chromium/src/chrome/common/ipc_channel_win.cc, line 346
JavaScript error: https://qzonestyle.gtimg.cn/ac/qzone/qzfl/qzfl_v8_2.1.65.js, line 90: NS_ERROR_NOT_INITIALIZED: 
1533786956818	geckodriver	INFO	geckodriver 0.21.0
1533786956838	geckodriver	INFO	Listening on 127.0.0.1:10160
1533786959887	mozrunner::runner	INFO	Running command: "C:\\Program Files\\Mozilla Firefox\\firefox.exe" "-marionette" "-foreground" "-no-remote" "-profile" "C:\\Users\\Administrator\\AppData\\Local\\Temp\\rust_mozprofile.j6LZGz5QJDYS"
1533786964196	Marionette	INFO	Listening on port 10168
1533786964388	Marionette	WARN	TLS certificate errors will be ignored for this session
Unable to read VR Path Registry from C:\Users\Administrator\AppData\Local\openvr\openvrpaths.vrpath
[Child 13268, Chrome_ChildThread] WARNING: pipe error: 109: file z:/build/build/src/ipc/chromium/src/chrome/common/ipc_channel_win.cc, line 346
*** UTM:SVC TimerManager:registerTimer called after profile-before-change notification. Ignoring timer registration for id: telemetry_modules_ping

###!!! [Child][MessageChannel::SendAndWait] Error: Channel error: cannot send/recv

Unable to read VR Path Registry from C:\Users\Administrator\AppData\Local\openvr\openvrpaths.vrpath
1533786980559	geckodriver	INFO	geckodriver 0.21.0
1533786980576	geckodriver	INFO	Listening on 127.0.0.1:10245
1533786983581	mozrunner::runner	INFO	Running command: "C:\\Program Files\\Mozilla Firefox\\firefox.exe" "-marionette" "-foreground" "-no-remote" "-profile" "C:\\Users\\Administrator\\AppData\\Local\\Temp\\rust_mozprofile.E3fOjCGyQfmi"
1533786987459	Marionette	INFO	Listening on port 10256
1533786987949	Marionette	WARN	TLS certificate errors will be ignored for this session
Unable to read VR Path Registry from C:\Users\Administrator\AppData\Local\openvr\openvrpaths.vrpath
JavaScript warning: https://qzonestyle.gtimg.cn/c/=/qzone/v8/engine/migrate-plugin.js,/qzone/v8/engine/console-plus/console-plus.js,/qzone/v8/engine/request/request_61221.js,/qzone/v8/core/interface_mini.js?max_age=60628, line 1504: unreachable code after return statement
JavaScript warning: https://qzonestyle.gtimg.cn/qzone/v8/ic/ic_feeds_monitor.js, line 7: unreachable code after return statement
JavaScript warning: https://qzonestyle.gtimg.cn/qzone/v6/qm/qm_100006.js?max_age=900, line 611: unreachable code after return statement
JavaScript warning: https://qzonestyle.gtimg.cn/qzone/v8/animate/app_scroll.js, line 2: unreachable code after return statement
JavaScript warning: https://qzonestyle.gtimg.cn/qzone/photo/v7/js/common/qzone/common.js, line 4: unreachable code after return statement
JavaScript warning: https://qzonestyle.gtimg.cn/c/=/qzone/v8/dress/xextend.js,/qzone/v8/dress/data.js,/qzone/v8/dress/viewbase.js,/qzone/v8/dress/dditem.js,/qzone/v8/dress/menuview_v8.js,/qzone/v8/dress/weather.js,/qzone/v8/dress/visitors.js, line 640: unreachable code after return statement
JavaScript warning: https://qzonestyle.gtimg.cn/qzone/photo/v7/js/common/qzone/common.js, line 4: unreachable code after return statement
JavaScript warning: https://qzonestyle.gtimg.cn/qzone/v8/ic/videoManager/videoManager.js, line 10: unreachable code after return statement
JavaScript warning: https://qzonestyle.gtimg.cn/qzone/v8/ic/hotfeeds.js, line 330: unreachable code after return statement
JavaScript warning: https://qzonestyle.gtimg.cn/qzone/v8/index/like.js, line 25: unreachable code after return statement
JavaScript warning: https://qzonestyle.gtimg.cn/qzone/photo/v7/js/common/viewer2/index.js, line 254: unreachable code after return statement
JavaScript error: https://qzonestyle.gtimg.cn/ac/qzone/qzfl/qzfl_v8_2.1.65.js, line 90: NS_ERROR_NOT_INITIALIZED: 
Unable to read VR Path Registry from C:\Users\Administrator\AppData\Local\openvr\openvrpaths.vrpath
[Parent 11632, Gecko_IOThread] WARNING: pipe error: 109: file z:/build/build/src/ipc/chromium/src/chrome/common/ipc_channel_win.cc, line 346
Unable to read VR Path Registry from C:\Users\Administrator\AppData\Local\openvr\openvrpaths.vrpath
[Child 11036, Chrome_ChildTUnable to read VR Path Registry from C:\Users\Administrator\AppData\Local\openvr\openvrpaths.vrpath
JavaScript warning: https://qzonestyle.gtimg.cn/c/=/qzone/v8/engine/migrate-plugin.js,/qzone/v8/engine/console-plus/console-plus.js,/qzone/v8/engine/request/request_61221.js,/qzone/v8/core/interface_mini.js?max_age=60628, line 1504: unreachable code after return statement
JavaScript warning: https://qzonestyle.gtimg.cn/qzone/v8/ic/ic_feeds_monitor.js, line 7: unreachable code after return statement
JavaScript warning: https://qzonestyle.gtimg.cn/qzone/v6/qm/qm_100006.js?max_age=900, line 611: unreachable code after return statement
JavaScript warning: https://qzonestyle.gtimg.cn/qzone/v8/animate/app_scroll.js, line 2: unreachable code after return statement
JavaScript warning: https://qzonestyle.gtimg.cn/qzone/photo/v7/js/common/qzone/common.js, line 4: unreachable code after return statement
JavaScript warning: https://qzonestyle.gtimg.cn/c/=/qzone/v8/dress/xextend.js,/qzone/v8/dress/data.js,/qzone/v8/dress/viewbase.js,/qzone/v8/dress/dditem.js,/qzone/v8/dress/menuview_v8.js,/qzone/v8/dress/weather.js,/qzone/v8/dress/visitors.js, line 640: unreachable code after return statement
JavaScript warning: https://qzonestyle.gtimg.cn/qzone/photo/v7/js/common/qzone/common.js, line 4: unreachable code after return statement
JavaScript warning: https://qzonestyle.gtimg.cn/qzone/v8/ic/videoManager/videoManager.js, line 10: unreachable code after return statement
JavaScript warning: https://qzonestyle.gtimg.cn/qzone/v8/ic/hotfeeds.js, line 330: unreachable code after return statement
JavaScript warning: https://qzonestyle.gtimg.cn/qzone/v8/index/like.js, line 25: unreachable code after return statement
JavaScript warning: https://qzonestyle.gtimg.cn/qzone/photo/v7/js/common/viewer2/index.js, line 254: unreachable code after return statement
Unable to read VR Path Registry from C:\Users\Administrator\AppData\Local\openvr\openvrpaths.vrpath
[Child 841533787836490	mozrunner::runner	INFO	Running command: "C:\\Program Files\\Mozilla Firefox\\firefox.exe" "-marionette" "-foreground" "-no-remote" "-profile" "C:\\Users\\Administrator\\AppData\\Local\\Temp\\rust_mozprofile.fkqnVYbRwlh4"
1533787840173	Marionette	INFO	Listening on port 11203
1533787840520	Marionette	WARN	TLS certificate errors will be ignored for this session
Unable to read VR Path Registry from C:\Users\Administrator\AppData\Local\openvr\openvrpaths.vrpath
JavaScript warning: https://qzonestyle.gtimg.cn/c/=/qzone/v8/engine/migrate-plugin.js,/qzone/v8/engine/console-plus/console-plus.js,/qzone/v8/engine/request/request_61221.js,/qzone/v8/core/interface_mini.js?max_age=60628, line 1504: unreachable code after return statement
JavaScript warning: https://qzonestyle.gtimg.cn/qzone/v8/ic/ic_feeds_monitor.js, line 7: unreachable code after return statement
JavaScript warning: https://qzonestyle.gtimg.cn/qzone/v6/qm/qm_100006.js?max_age=900, line 611: unreachable code after return statement
JavaScript warning: https://qzonestyle.gtimg.cn/qzone/v8/animate/app_scroll.js, line 2: unreachable code after return statement
JavaScript warning: https://qzonestyle.gtimg.cn/qzone/photo/v7/js/common/qzone/common.js, line 4: unreachable code after return statement
JavaScript warning: https://qzonestyle.gtimg.cn/c/=/qzone/v8/dress/xextend.js,/qzone/v8/dress/data.js,/qzone/v8/dress/viewbase.js,/qzone/v8/dress/dditem.js,/qzone/v8/dress/menuview_v8.js,/qzone/v8/dress/weather.js,/qzone/v8/dress/visitors.js, line 640: unreachable code after return statement
JavaScript warning: https://qzonestyle.gtimg.cn/qzone/photo/v7/js/common/qzone/common.js, line 4: unreachable code after return statement
JavaScript warning: https://qzonestyle.gtimg.cn/qzone/v8/ic/videoManager/videoManager.js, line 10: unreachable code after return statement
JavaScript warning: https://qzonestyle.gtimg.cn/qzone/v8/ic/hotfeeds.js, line 330: unreachable code after return statement
JavaScript warning: https://qzonestyle.gtimg.cn/qzone/v8/index/like.js, line 25: unreachable code after return statement
JavaScript warning: https://qzonestyle.gtimg.cn/qzone/photo/v7/js/common/viewer2/index.js, line 254: unreachable code after return statement
Unable to read VR Path Registry from C:\Users\Administrator\AppData\Local\openvr\openvrpaths.vrpath
[Parent 12380, Gecko_IOThread] WARNING: pipe error: 109: file z:/build/build/src/ipc/chromium/src/chrome/common/ipc_channel_win.cc, line 346
[Parent 12380, Gecko_IOThread] WARNING: pipe error: 109: file z:/build/build/src/ipc/chromium/src/chrome/common/ipc_channel_win.cc, line 346
Unable to read VR Path Registry from C:\Users\Administrator\AppData\Local\openvr\openvrpaths.vrpath
[Child 9072, Chrome_ChildThread] WARNING: pipe error: 109: file z:/build/build/src/ipc/chromium/src/ch1533787938892	Marionette	INFO	Listening on port 11419
1533787939250	Marionette	WARN	TLS certificate errors will be ignored for this session
Unable to read VR Path Registry from C:\Users\Administrator\AppData\Local\openvr\openvrpaths.vrpath
[Parent 9576, Gecko_IOThread] WARNING: pipe error: 109: file z:/build/build/src/ipc/chromium/src/chrome/common/ipc_channel_win.cc, line 346
Unable to read VR Path Registry from C:\Users\Administrator\AppData\Local\openvr\openvrpaths.vrpath
[Child 11000, Chrome_ChildThread] WARNING: pipe error: 109: file z:/build/build/src/ipc/chromium/src/chrome/common/ipc_channel_win.cc, line 346
Unable to read VR Path Registry from C:\Users\Administrator\AppData\Local\openvr\openvrpaths.vrpath
[Child 9188, Chrome_ChildThread] WARNING: pipe error: 109: file z:/build/build/src/ipc/chromium/src/chrome/common/ipc_channel_win.cc, line 346
[Child 9188, Chrome_ChildThread] WARNING: pipe error: 109: file z:/build/build/src/ipc/chromium/src/chrome/common/ipc_channel_win.cc, line 346
Unable to read VR Path Registry from C:\Users\Administrator\AppData\Local\openvr\openvrpaths.vrpath
[Child 11168, Chrome_ChildThread] WARNING: pipe error: 109: file z:/build/build/src/ipc/chromium/src/chrome/common/ipc_channel_win.cc, line 346
[Child 11168, Chrome_ChildThread] WARNING: pipe error: 109: file z:/build/build/src/ipc/chromium/src/chrome/common/ipc_channel_win.cc, line 346
*** UTM:SVC TimerManager:registerTimer called after profile-before-change notification. Ignoring timer registration for id: telemetry_modules_ping

###!!! [Child][MessageChannel::SendAndWait] Error: Channel error: cannot send/recv

1533787950200	geckodriver	INFO	geckodriver 0.21.0
1533787950218	geckodriver	INFO	Listening on 127.0.0.1:11492
1533787953238	mozrunner::runner	INFO	Running command: "C:\\Program Files\\Mozilla Firefox\\firefox.exe" "-marionette" "-foreground" "-no-remote" "-profile" "C:\\Users\\Administrator\\AppData\\Local\\Temp\\rust_mozprofile.R4MhYLFRFVvl"
1533787956859	Marionette	INFO	Listening on port 11501
1533787957074	Marionette	WARN	TLS certificate errors will be ignored for this session
Unable to read VR Path Registry from C:\Users\Administrator\AppData\Local\openvr\openvrpaths.vrpath
[Child 4136, Chrome_ChildThread] WARNING: pipe error: 109: file z:/build/build/src/ipc/chromium/src/chrome/common/ipc_channel_win.cc, line 346
Unable to read VR Path Registry from C:\Users\Administrator\AppData\Local\openvr\openvrpaths.vrpath
[Child 9156, Chrome_ChildThread] WARNING: pipe error: 109: file z:/build/build/src/ipc/chromium/src/chrome/common/ipc_channel_win.cc, line 346
[Child 9156, Chrome_ChildThread] WARNING: pipe error: 109: file z:/build/build/src/ipc/chromium/src/chrome/common/ipc_channel_win.cc, line 346
[Child 4136, Chrome_ChildThread] WARNING: pipe error: 109: file z:/build/build/src/ipc/chromium/src/chrome/common/ipc_channel_win.cc, line 346
*** UTM:SVC TimerManager:registerTimer called after profile-before-change notification. Ignoring timer registration for id: telemetry_modules_ping

###!!! [Child][MessageChannel::SendAndWait] Error: Channel error: cannot send/recv

Unable to read VR Path Registry from C:\Users\Administrator\AppData\Local\openvr\openvrpaths.vrpath
1533787967098	geckodriver	INFO	geckodriver 0.21.0
1533787967115	geckodriver	INFO	Listening on 127.0.0.1:11563
1533787970133	mozrunner::runner	INFO	Running command: "C:\\Program Files\\Mozilla Firefox\\firefox.exe" "-marionette" "-foreground" "-no-remote" "-profile" "C:\\Users\\Administrator\\AppData\\Local\\Temp\\rust_mozprofile.KETXZwZI9qQy"
1533787973668	Marionette	INFO	Listening on port 11574
1533787974173	Marionette	WARN	TLS certificate errors will be ignored for this session
Unable to read VR Path Registry from C:\Users\Administrator\AppData\Local\openvr\openvrpaths.vrpath
JavaScript warning: https://qzonestyle.gtimg.cn/c/=/qzone/v8/engine/migrate-plugin.js,/qzone/v8/engine/console-plus/console-plus.js,/qzone/v8/engine/request/request_61221.js,/qzone/v8/core/interface_mini.js?max_age=60628, line 1504: unreachable code after return statement
JavaScript warning: https://qzonestyle.gtimg.cn/qzone/v8/ic/ic_feeds_monitor.js, line 7: unreachable code after return statement
JavaScript warning: https://qzonestyle.gtimg.cn/qzone/v6/qm/qm_100006.js?max_age=900, line 611: unreachable code after return statement
JavaScript warning: https://qzonestyle.gtimg.cn/qzone/v8/animate/app_scroll.js, line 2: unreachable code after return statement
JavaScript warning: https://qzonestyle.gtimg.cn/qzone/photo/v7/js/common/qzone/common.js, line 4: unreachable code after return statement
JavaScript warning: https://qzonestyle.gtimg.cn/c/=/qzone/v8/dress/xextend.js,/qzone/v8/dress/data.js,/qzone/v8/dress/viewbase.js,/qzone/v8/dress/dditem.js,/qzone/v8/dress/menuview_v8.js,/qzone/v8/dress/weather.js,/qzone/v8/dress/visitors.js, line 640: unreachable code after return statement
JavaScript warning: https://qzonestyle.gtimg.cn/qzone/photo/v7/js/common/qzone/common.js, line 4: unreachable code after return statement
JavaScript warning: https://qzonestyle.gtimg.cn/qzone/v8/ic/videoManager/videoManager.js, line 10: unreachable code after return statement
JavaScript warning: https://qzonestyle.gtimg.cn/qzone/v8/ic/hotfeeds.js, line 330: unreachable code after return statement
JavaScript warning: https://qzonestyle.gtimg.cn/qzone/v8/index/like.js, line 25: unreachable code after return statement
JavaScript warning: https://qzonestyle.gtimg.cn/qzone/photo/v7/js/common/viewer2/index.js, line 254: unreachable code after return statement
Unable to read VR Path Registry from C:\Users\Administrator\AppData\Local\openvr\openvrpaths.vrpath
JavaScript error: jar:file:///C:/Program%20Files/Mozilla%20Firefox/omni.ja!/components/NetworkGeolocationProvider.js, line 389: TypeError: this.listener is null
JavaScript warning: https://qzonestyle.gtimg.cn/c/=/qzone/v8/engine/migrate-plugin.js,/qzone/v8/engine/console-plus/console-plus.js,/qzone/v8/engine/request/request_61221.js,/qzone/v8/core/interface_mini.js?max_age=60628, line 1504: unreachable code after return statement
JavaScript warning: https://qzonestyle.gtimg.cn/qzone/v8/ic/videoManager/videoManager.js, line 10: unreachable code after return statement
JavaScript error: https://qzonestyle.gtimg.cn/ac/qzone/qzfl/qzfl_v8_2.1.65.js, line 90: NS_ERROR_NOT_INITIALIZED: 
[Parent 9280, Gecko_IOThread] WARNING: pipe error: 109: file z:/build/build/src/ipc/chromium/src/chrome/common/ipc_channel_win.cc, line 346
[Parent 9280, Gecko_IOThread] WARNING: pipe error: 109: file z:/build/build/src/ipc/chromium/src/chrome/common/ipc_channel_win.cc, line 346
[Child 10276, Chrome_ChildThread] WARNING: pipe error: 232: file z:/build/build/src/ipc/chromium/src/chrome/common/ipc_channel_win.cc, line 513
[Child 10276, Chrome_ChildThread] WARNING: pipe error: 232: file z:/build/build/src/ipc/chromium/src/chrome/common/ipc_channel_win.cc, line 513
[Child 10276, Chrome_ChildThread] WARNING: pipe error: 109: file z:/build/build/src/ipc/chromium/src/chrome/common/ipc_channel_win.cc, line 346
[Child 10276, Chrome_ChildThread] WARNING: pipe error: 109: file z:/build/build/src/ipc/chromium/src/chrome/common/ipc_channel_win.cc, line 346
Unable to read VR Path Registry from C:\Users\Administrator\AppData\Local\openvr\openvrpaths.vrpath
[Child 11820, Chrome_ChildThread] WARNING: pipe error: 109: file z:/build/build/src/ipc/chromium/src/chrome/common/ipc_channel_win.cc, line 346
[Child 11820, Chrome_ChildThread] WARNING: pipe error: 109: file z:/build/build/src/ipc/chromium/src/chrome/common/ipc_channel_win.cc, line 346
[Parent 9280, Gecko_IOThread] WARNING: pipe error: 109: file z:/build/build/src/ipc/chromium/src/chrome/common/ipc_channel_win.cc, line 346

###!!! [Child][MessageChannel::SendAndWait] Error: Channel error: cannot send/recv

c/videoManager/videoManager.js, line 10: unreachable code after return statement
JavaScript warning: https://qzonestyle.gtimg.cn/qzone/v8/index/like.js, line 25: unreachable code after return statement
JavaScript warning: https://qzonestyle.gtimg.cn/qzone/photo/v7/js/common/viewer2/index.js, line 254: unreachable code after return statement
JavaScript warning: https://qzonestyle.gtimg.cn/c/=/qzone/v8/engine/migrate-plugin.js,/qzone/v8/engine/console-plus/console-plus.js,/qzone/v8/engine/request/request_61221.js,/qzone/v8/core/interface_mini.js?max_age=60628, line 1504: unreachable code after return statement
JavaScript warning: https://qzonestyle.gtimg.cn/c/=/qzone/v8/engine/migrate-plugin.js,/qzone/v8/engine/console-plus/console-plus.js,/qzone/v8/engine/request/request_61221.js,/qzone/v8/core/interface_mini.js?max_age=60628, line 1504: unreachable code after return statement
JavaScript warning: https://qzonestyle.gtimg.cn/qzone/v8/ic/ic_feeds_monitor.js, line 7: unreachable code after return statement
JavaScript warning: https://qzonestyle.gtimg.cn/qzone/v6/qm/qm_100006.js?max_age=900, line 611: unreachable code after return statement
JavaScript warning: https://qzonestyle.gtimg.cn/qzone/v8/animate/app_scroll.js, line 2: unreachable code after return statement
JavaScript warning: https://qzonestyle.gtimg.cn/qzone/photo/v7/js/common/qzone/common.js, line 4: unreachable code after return statement
JavaScript warning: https://qzonestyle.gtimg.cn/c/=/qzone/v8/dress/xextend.js,/qzone/v8/dress/data.js,/qzone/v8/dress/viewbase.js,/qzone/v8/dress/dditem.js,/qzone/v8/dress/menuview_v8.js,/qzone/v8/dress/weather.js,/qzone/v8/dress/visitors.js, line 640: unreachable code after return statement
JavaScript warning: https://qzonestyle.gtimg.cn/qzone/photo/v7/js/common/qzone/common.js, line 4: unreachable code after return statement
JavaScript warning: https://qzonestyle.gtimg.cn/qzone/v8/ic/hotfeeds.js, line 330: unreachable code after return statement
JavaScript warning: https://qzonestyle.gtimg.cn/qzone/v8/ic/videoManager/videoManager.js, line 10: unreachable code after return statement
JavaScript warning: https://qzonestyle.gtimg.cn/qzone/v8/index/like.js, line 25: unreachable code after return statement
JavaScript warning: https://qzonestyle.gtimg.cn/qzone/photo/v7/js/common/viewer2/index.js, line 254: unreachable code after return statement
JavaScript warning: https://qzonestyle.gtimg.cn/c/=/qzone/v8/engine/migrate-plugin.js,/qzone/v8/engine/console-plus/console-plus.js,/qzone/v8/engine/request/request_61221.js,/qzone/v8/core/interface_mini.js?max_age=60628, line 1504: unreachable code after return statement
JavaScript warning: https://qzonestyle.gtimg.cn/qzone/v8/ic/ic_feeds_monitor.js, line 7: unreachable code after return statement
JavaScript warning: https://qzonestyle.gtimg.cn/qzone/v6/qm/qm_100006.js?max_age=900, line 611: unreachable code after return statement
JavaScript warning: https://qzonestyle.gtimg.cn/qzone/v8/animate/app_scroll.js, line 2: unreachable code after return statement
JavaScript warning: https://qzonestyle.gtimg.cn/qzone/photo/v7/js/common/qzone/common.js, line 4: unreachable code after return statement
JavaScript warning: https://qzonestyle.gtimg.cn/c/=/qzone/v8/dress/xextend.js,/qzone/v8/dress/data.js,/qzone/v8/dress/viewbase.js,/qzone/v8/dress/dditem.js,/qzone/v8/dress/menuview_v8.js,/qzone/v8/dress/weather.js,/qzone/v8/dress/visitors.js, line 640: unreachable code after return statement
JavaScript warning: https://qzonestyle.gtimg.cn/qzone/photo/v7/js/common/qzone/common.js, line 4: unreachable code after return statement
JavaScript warning: https://qzonestyle.gtimg.cn/qzone/v8/ic/videoManager/videoManager.js, line 10: unreachable code after return statement
Unable to read VR Path Registry from C:\Users\Administrator\AppData\Local\openvr\openvrpaths.vrpath
JavaScript error: jar:file:///C:/Program%20Files/Mozilla%20Firefox/browser/omni.ja!/components/nsBrowserGlue.js, line 2874: NS_ERROR_FAILURE: Component returned failure code: 0x80004005 (NS_ERROR_FAILURE) [nsIContentPermissionRequest.cancel]
JavaScript warning: https://qzonestyle.gtimg.cn/qzone/v8/ic/hotfeeds.js, line 330: unreachable code after return statement
JavaScript warning: https://qzonestyle.gtimg.cn/c/=/qzone/v8/engine/migrate-plugin.js,/qzone/v8/engine/console-plus/console-plus.js,/qzone/v8/engine/request/request_61221.js,/qzone/v8/core/interface_mini.js?max_age=60628, line 1504: unreachable code after return statement
JavaScript warning: https://qzonestyle.gtimg.cn/qzone/v8/index/like.js, line 25: unreachable code after return statement
JavaScript warning: https://qzonestyle.gtimg.cn/qzone/photo/v7/js/common/viewer2/index.js, line 254: unreachable code after return statement
JavaScript error: jar:file:///C:/Program%20Files/Mozilla%20Firefox/omni.ja!/components/NetworkGeolocationProvider.js, line 389: TypeError: this.listener is null
[Parent 11256, Gecko_IOThread] WARNING: pipe error: 109: file z:/build/build/src/ipc/chromium/src/chrome/common/ipc_channel_win.cc, line 346
JavaScript warning: https://qzonestyle.gtimg.cn/qzone/v8/ic/ic_feeds_monitor.js, line 7: unreachable code after return statement
JavaScript error: jar:file:///C:/Program%20Files/Mozilla%20Firefox/omni.ja!/components/NetworkGeolocationProvider.js, line 392: TypeError: this.listener is null
JavaScript error: jar:file:///C:/Program%20Files/Mozilla%20Firefox/omni.ja!/components/NetworkGeolocationProvider.js, line 392: TypeError: this.listener is null
JavaScript warning: https://qzonestyle.gtimg.cn/c/=/qzone/v8/engine/migrate-plugin.js,/qzone/v8/engine/console-plus/console-plus.js,/qzone/v8/engine/request/request_61221.js,/qzone/v8/core/interface_mini.js?max_age=60628, line 1504: unreachable code after return statement
JavaScript warning: https://qzonestyle.gtimg.cn/qzone/v8/ic/ic_feeds_monitor.js, line 7: unreachable code after return statement
JavaScript warning: https://qzonestyle.gtimg.cn/qzone/v8/ic/videoManager/videoManager.js, line 10: unreachable code after return statement
JavaScript error: https://qzonestyle.gtimg.cn/ac/qzone/qzfl/qzfl_v8_2.1.65.js, line 90: NS_ERROR_NOT_INITIALIZED: 
[Parent 11256, Gecko_IOThread] WARNING: pipe error: 109: file z:/build/build/src/ipc/chromium/src/chrome/common/ipc_channel_win.cc, line 346
[Child 9408, Chrome_ChildThread] WARNING: pipe error: 232: file z:/build/build/src/ipc/chromium/src/chrome/common/ipc_channel_win.cc, line 513
[Child 9408, Chrome_ChildThread] WARNING: pipe error: 109: file z:/build/build/src/ipc/chromium/src/chrome/common/ipc_channel_win.cc, line 346
[Child 9408, Chrome_ChildThread] WARNING: pipe error: 109: file z:/build/build/src/ipc/chromium/src/chrome/common/ipc_channel_win.cc, line 346
[Parent 11256, Gecko_IOThread] WARNING: pipe error: 109: file z:/build/build/src/ipc/chromium/src/chrome/common/ipc_channel_win.cc, line 346
Unable to read VR Path Registry from C:\Users\Administrator\AppData\Local\openvr\openvrpaths.vrpath
[Child 8472, Chrome_ChildThread] WARNING: pipe error: 109: file z:/build/build/src/ipc/chromium/src/chrome/common/ipc_channel_win.cc, line 346
[Child 8472, Chrome_ChildThread] WARNING: pipe error: 109: file z:/build/build/src/ipc/chromium/src/chrome/common/ipc_channel_win.cc, line 346
Unable to read VR Path Registry from C:\Users\Administrator\AppData\Local\openvr\openvrpaths.vrpath
[Child 10176, Chrome_ChildThread] WARNING: pipe error: 109: file z:/build/build/src/ipc/chromium/src/chrome/common/ipc_channel_win.cc, line 346
[Child 10176, Chrome_ChildThread] WARNING: pipe error: 109: file z:/build/build/src/ipc/chromium/src/chrome/common/ipc_channel_win.cc, line 346

###!!! [Child][MessageChannel::SendAndWait] Error: Channel error: cannot send/recv

